<?xml version="1.0" encoding="UTF-8"?>
<testng-results ignored="0" total="1" passed="1" failed="0" skipped="0">
  <reporter-output>
  </reporter-output>
  <suite started-at="2023-11-02T00:23:07 IST" name="Default suite" finished-at="2023-11-02T00:23:11 IST" duration-ms="4165">
    <groups>
    </groups>
    <test started-at="2023-11-02T00:23:07 IST" name="Default test" finished-at="2023-11-02T00:23:11 IST" duration-ms="4165">
      <class name="Purchase.Purchase1">
        <test-method signature="Purchase1()[pri:0, instance:Purchase.Purchase1@3b6ddd1d]" started-at="2023-11-02T00:23:07 IST" name="Purchase1" finished-at="2023-11-02T00:23:11 IST" duration-ms="4148" status="PASS">
          <reporter-output>
          </reporter-output>
        </test-method> <!-- Purchase1 -->
      </class> <!-- Purchase.Purchase1 -->
    </test> <!-- Default test -->
  </suite> <!-- Default suite -->
</testng-results>
